{"total": {"lines":{"total":2873,"covered":2816,"skipped":0,"pct":98.01},"statements":{"total":2873,"covered":2816,"skipped":0,"pct":98.01},"functions":{"total":153,"covered":141,"skipped":0,"pct":92.15},"branches":{"total":497,"covered":464,"skipped":0,"pct":93.36},"branchesTrue":{"total":0,"covered":0,"skipped":0,"pct":100}}
,"/Users/99/Developer/RAVN/wt/kit/src/components/avatar/avatar.tsx": {"lines":{"total":37,"covered":36,"skipped":0,"pct":97.29},"functions":{"total":2,"covered":2,"skipped":0,"pct":100},"statements":{"total":37,"covered":36,"skipped":0,"pct":97.29},"branches":{"total":9,"covered":8,"skipped":0,"pct":88.88}}
,"/Users/99/Developer/RAVN/wt/kit/src/components/avatar/user-row.tsx": {"lines":{"total":47,"covered":38,"skipped":0,"pct":80.85},"functions":{"total":1,"covered":1,"skipped":0,"pct":100},"statements":{"total":47,"covered":38,"skipped":0,"pct":80.85},"branches":{"total":6,"covered":1,"skipped":0,"pct":16.66}}
,"/Users/99/Developer/RAVN/wt/kit/src/components/badge/badge.tsx": {"lines":{"total":18,"covered":18,"skipped":0,"pct":100},"functions":{"total":1,"covered":1,"skipped":0,"pct":100},"statements":{"total":18,"covered":18,"skipped":0,"pct":100},"branches":{"total":1,"covered":1,"skipped":0,"pct":100}}
,"/Users/99/Developer/RAVN/wt/kit/src/components/button/button.tsx": {"lines":{"total":35,"covered":35,"skipped":0,"pct":100},"functions":{"total":1,"covered":1,"skipped":0,"pct":100},"statements":{"total":35,"covered":35,"skipped":0,"pct":100},"branches":{"total":3,"covered":3,"skipped":0,"pct":100}}
,"/Users/99/Developer/RAVN/wt/kit/src/components/button/text-button.tsx": {"lines":{"total":35,"covered":34,"skipped":0,"pct":97.14},"functions":{"total":1,"covered":1,"skipped":0,"pct":100},"statements":{"total":35,"covered":34,"skipped":0,"pct":97.14},"branches":{"total":7,"covered":5,"skipped":0,"pct":71.42}}
,"/Users/99/Developer/RAVN/wt/kit/src/components/card/card.tsx": {"lines":{"total":51,"covered":51,"skipped":0,"pct":100},"functions":{"total":4,"covered":4,"skipped":0,"pct":100},"statements":{"total":51,"covered":51,"skipped":0,"pct":100},"branches":{"total":5,"covered":5,"skipped":0,"pct":100}}
,"/Users/99/Developer/RAVN/wt/kit/src/components/card/due-date-urgency-state.tsx": {"lines":{"total":6,"covered":6,"skipped":0,"pct":100},"functions":{"total":1,"covered":1,"skipped":0,"pct":100},"statements":{"total":6,"covered":6,"skipped":0,"pct":100},"branches":{"total":6,"covered":6,"skipped":0,"pct":100}}
,"/Users/99/Developer/RAVN/wt/kit/src/components/card/project-info.tsx": {"lines":{"total":35,"covered":35,"skipped":0,"pct":100},"functions":{"total":2,"covered":2,"skipped":0,"pct":100},"statements":{"total":35,"covered":35,"skipped":0,"pct":100},"branches":{"total":7,"covered":7,"skipped":0,"pct":100}}
,"/Users/99/Developer/RAVN/wt/kit/src/components/card/task-card.tsx": {"lines":{"total":101,"covered":101,"skipped":0,"pct":100},"functions":{"total":2,"covered":2,"skipped":0,"pct":100},"statements":{"total":101,"covered":101,"skipped":0,"pct":100},"branches":{"total":18,"covered":17,"skipped":0,"pct":94.44}}
,"/Users/99/Developer/RAVN/wt/kit/src/components/card/task-list-view.tsx": {"lines":{"total":50,"covered":50,"skipped":0,"pct":100},"functions":{"total":2,"covered":2,"skipped":0,"pct":100},"statements":{"total":50,"covered":50,"skipped":0,"pct":100},"branches":{"total":10,"covered":10,"skipped":0,"pct":100}}
,"/Users/99/Developer/RAVN/wt/kit/src/components/card/task-meta-badges.tsx": {"lines":{"total":22,"covered":22,"skipped":0,"pct":100},"functions":{"total":1,"covered":1,"skipped":0,"pct":100},"statements":{"total":22,"covered":22,"skipped":0,"pct":100},"branches":{"total":9,"covered":9,"skipped":0,"pct":100}}
,"/Users/99/Developer/RAVN/wt/kit/src/components/card/task-table.tsx": {"lines":{"total":375,"covered":370,"skipped":0,"pct":98.66},"functions":{"total":15,"covered":15,"skipped":0,"pct":100},"statements":{"total":375,"covered":370,"skipped":0,"pct":98.66},"branches":{"total":73,"covered":70,"skipped":0,"pct":95.89}}
,"/Users/99/Developer/RAVN/wt/kit/src/components/datepicker/datepicker-menu.tsx": {"lines":{"total":182,"covered":181,"skipped":0,"pct":99.45},"functions":{"total":9,"covered":9,"skipped":0,"pct":100},"statements":{"total":182,"covered":181,"skipped":0,"pct":99.45},"branches":{"total":22,"covered":21,"skipped":0,"pct":95.45}}
,"/Users/99/Developer/RAVN/wt/kit/src/components/datepicker/datepicker.tsx": {"lines":{"total":43,"covered":42,"skipped":0,"pct":97.67},"functions":{"total":1,"covered":1,"skipped":0,"pct":100},"statements":{"total":43,"covered":42,"skipped":0,"pct":97.67},"branches":{"total":4,"covered":2,"skipped":0,"pct":50}}
,"/Users/99/Developer/RAVN/wt/kit/src/components/empty-state/empty-state.tsx": {"lines":{"total":28,"covered":28,"skipped":0,"pct":100},"functions":{"total":1,"covered":1,"skipped":0,"pct":100},"statements":{"total":28,"covered":28,"skipped":0,"pct":100},"branches":{"total":5,"covered":5,"skipped":0,"pct":100}}
,"/Users/99/Developer/RAVN/wt/kit/src/components/form-field/form-field.tsx": {"lines":{"total":72,"covered":71,"skipped":0,"pct":98.61},"functions":{"total":4,"covered":4,"skipped":0,"pct":100},"statements":{"total":72,"covered":71,"skipped":0,"pct":98.61},"branches":{"total":17,"covered":16,"skipped":0,"pct":94.11}}
,"/Users/99/Developer/RAVN/wt/kit/src/components/icons/icons.tsx": {"lines":{"total":217,"covered":217,"skipped":0,"pct":100},"functions":{"total":22,"covered":22,"skipped":0,"pct":100},"statements":{"total":217,"covered":217,"skipped":0,"pct":100},"branches":{"total":25,"covered":25,"skipped":0,"pct":100}}
,"/Users/99/Developer/RAVN/wt/kit/src/components/input/input.tsx": {"lines":{"total":42,"covered":41,"skipped":0,"pct":97.61},"functions":{"total":1,"covered":1,"skipped":0,"pct":100},"statements":{"total":42,"covered":41,"skipped":0,"pct":97.61},"branches":{"total":5,"covered":4,"skipped":0,"pct":80}}
,"/Users/99/Developer/RAVN/wt/kit/src/components/layout/app-shell.tsx": {"lines":{"total":33,"covered":33,"skipped":0,"pct":100},"functions":{"total":1,"covered":1,"skipped":0,"pct":100},"statements":{"total":33,"covered":33,"skipped":0,"pct":100},"branches":{"total":9,"covered":9,"skipped":0,"pct":100}}
,"/Users/99/Developer/RAVN/wt/kit/src/components/layout/view-switcher.tsx": {"lines":{"total":69,"covered":69,"skipped":0,"pct":100},"functions":{"total":5,"covered":4,"skipped":0,"pct":80},"statements":{"total":69,"covered":69,"skipped":0,"pct":100},"branches":{"total":15,"covered":14,"skipped":0,"pct":93.33}}
,"/Users/99/Developer/RAVN/wt/kit/src/components/listbox/list-box.tsx": {"lines":{"total":44,"covered":44,"skipped":0,"pct":100},"functions":{"total":2,"covered":2,"skipped":0,"pct":100},"statements":{"total":44,"covered":44,"skipped":0,"pct":100},"branches":{"total":9,"covered":9,"skipped":0,"pct":100}}
,"/Users/99/Developer/RAVN/wt/kit/src/components/menu/menu.tsx": {"lines":{"total":78,"covered":78,"skipped":0,"pct":100},"functions":{"total":4,"covered":4,"skipped":0,"pct":100},"statements":{"total":78,"covered":78,"skipped":0,"pct":100},"branches":{"total":10,"covered":10,"skipped":0,"pct":100}}
,"/Users/99/Developer/RAVN/wt/kit/src/components/modal/add-task-modal.tsx": {"lines":{"total":235,"covered":208,"skipped":0,"pct":88.51},"functions":{"total":23,"covered":15,"skipped":0,"pct":65.21},"statements":{"total":235,"covered":208,"skipped":0,"pct":88.51},"branches":{"total":41,"covered":38,"skipped":0,"pct":92.68}}
,"/Users/99/Developer/RAVN/wt/kit/src/components/modal/assignee-modal.tsx": {"lines":{"total":39,"covered":39,"skipped":0,"pct":100},"functions":{"total":2,"covered":2,"skipped":0,"pct":100},"statements":{"total":39,"covered":39,"skipped":0,"pct":100},"branches":{"total":3,"covered":3,"skipped":0,"pct":100}}
,"/Users/99/Developer/RAVN/wt/kit/src/components/modal/estimate-modal.tsx": {"lines":{"total":51,"covered":51,"skipped":0,"pct":100},"functions":{"total":2,"covered":2,"skipped":0,"pct":100},"statements":{"total":51,"covered":51,"skipped":0,"pct":100},"branches":{"total":5,"covered":5,"skipped":0,"pct":100}}
,"/Users/99/Developer/RAVN/wt/kit/src/components/modal/label-modal.tsx": {"lines":{"total":39,"covered":39,"skipped":0,"pct":100},"functions":{"total":2,"covered":2,"skipped":0,"pct":100},"statements":{"total":39,"covered":39,"skipped":0,"pct":100},"branches":{"total":3,"covered":3,"skipped":0,"pct":100}}
,"/Users/99/Developer/RAVN/wt/kit/src/components/modal/modal.tsx": {"lines":{"total":69,"covered":61,"skipped":0,"pct":88.4},"functions":{"total":3,"covered":2,"skipped":0,"pct":66.66},"statements":{"total":69,"covered":61,"skipped":0,"pct":88.4},"branches":{"total":4,"covered":4,"skipped":0,"pct":100}}
,"/Users/99/Developer/RAVN/wt/kit/src/components/popover/floating-popover.tsx": {"lines":{"total":37,"covered":37,"skipped":0,"pct":100},"functions":{"total":4,"covered":2,"skipped":0,"pct":50},"statements":{"total":37,"covered":37,"skipped":0,"pct":100},"branches":{"total":3,"covered":3,"skipped":0,"pct":100}}
,"/Users/99/Developer/RAVN/wt/kit/src/components/popover/popover.tsx": {"lines":{"total":33,"covered":33,"skipped":0,"pct":100},"functions":{"total":2,"covered":2,"skipped":0,"pct":100},"statements":{"total":33,"covered":33,"skipped":0,"pct":100},"branches":{"total":7,"covered":7,"skipped":0,"pct":100}}
,"/Users/99/Developer/RAVN/wt/kit/src/components/select/multi-select.tsx": {"lines":{"total":78,"covered":78,"skipped":0,"pct":100},"functions":{"total":2,"covered":2,"skipped":0,"pct":100},"statements":{"total":78,"covered":78,"skipped":0,"pct":100},"branches":{"total":13,"covered":13,"skipped":0,"pct":100}}
,"/Users/99/Developer/RAVN/wt/kit/src/components/select/select.tsx": {"lines":{"total":63,"covered":63,"skipped":0,"pct":100},"functions":{"total":1,"covered":1,"skipped":0,"pct":100},"statements":{"total":63,"covered":63,"skipped":0,"pct":100},"branches":{"total":12,"covered":12,"skipped":0,"pct":100}}
,"/Users/99/Developer/RAVN/wt/kit/src/components/sidebar/application-sidebar.tsx": {"lines":{"total":23,"covered":23,"skipped":0,"pct":100},"functions":{"total":1,"covered":1,"skipped":0,"pct":100},"statements":{"total":23,"covered":23,"skipped":0,"pct":100},"branches":{"total":4,"covered":4,"skipped":0,"pct":100}}
,"/Users/99/Developer/RAVN/wt/kit/src/components/sidebar/sidebar-item.tsx": {"lines":{"total":42,"covered":41,"skipped":0,"pct":97.61},"functions":{"total":1,"covered":1,"skipped":0,"pct":100},"statements":{"total":42,"covered":41,"skipped":0,"pct":97.61},"branches":{"total":11,"covered":9,"skipped":0,"pct":81.81}}
,"/Users/99/Developer/RAVN/wt/kit/src/components/skeleton/skeleton.tsx": {"lines":{"total":8,"covered":8,"skipped":0,"pct":100},"functions":{"total":1,"covered":1,"skipped":0,"pct":100},"statements":{"total":8,"covered":8,"skipped":0,"pct":100},"branches":{"total":1,"covered":1,"skipped":0,"pct":100}}
,"/Users/99/Developer/RAVN/wt/kit/src/components/tabs/segmented-control.tsx": {"lines":{"total":74,"covered":73,"skipped":0,"pct":98.64},"functions":{"total":5,"covered":5,"skipped":0,"pct":100},"statements":{"total":74,"covered":73,"skipped":0,"pct":98.64},"branches":{"total":25,"covered":21,"skipped":0,"pct":84}}
,"/Users/99/Developer/RAVN/wt/kit/src/components/tabs/tabs.tsx": {"lines":{"total":67,"covered":67,"skipped":0,"pct":100},"functions":{"total":5,"covered":5,"skipped":0,"pct":100},"statements":{"total":67,"covered":67,"skipped":0,"pct":100},"branches":{"total":20,"covered":16,"skipped":0,"pct":80}}
,"/Users/99/Developer/RAVN/wt/kit/src/components/tag/label-checkbox.tsx": {"lines":{"total":93,"covered":93,"skipped":0,"pct":100},"functions":{"total":1,"covered":1,"skipped":0,"pct":100},"statements":{"total":93,"covered":93,"skipped":0,"pct":100},"branches":{"total":17,"covered":17,"skipped":0,"pct":100}}
,"/Users/99/Developer/RAVN/wt/kit/src/components/tag/tag.tsx": {"lines":{"total":54,"covered":54,"skipped":0,"pct":100},"functions":{"total":1,"covered":1,"skipped":0,"pct":100},"statements":{"total":54,"covered":54,"skipped":0,"pct":100},"branches":{"total":7,"covered":7,"skipped":0,"pct":100}}
,"/Users/99/Developer/RAVN/wt/kit/src/components/toast/toast.tsx": {"lines":{"total":112,"covered":112,"skipped":0,"pct":100},"functions":{"total":5,"covered":5,"skipped":0,"pct":100},"statements":{"total":112,"covered":112,"skipped":0,"pct":100},"branches":{"total":17,"covered":16,"skipped":0,"pct":94.11}}
,"/Users/99/Developer/RAVN/wt/kit/src/components/top-nav/search-bar.tsx": {"lines":{"total":44,"covered":44,"skipped":0,"pct":100},"functions":{"total":3,"covered":3,"skipped":0,"pct":100},"statements":{"total":44,"covered":44,"skipped":0,"pct":100},"branches":{"total":8,"covered":8,"skipped":0,"pct":100}}
,"/Users/99/Developer/RAVN/wt/kit/src/components/top-nav/top-nav.tsx": {"lines":{"total":73,"covered":73,"skipped":0,"pct":100},"functions":{"total":3,"covered":3,"skipped":0,"pct":100},"statements":{"total":73,"covered":73,"skipped":0,"pct":100},"branches":{"total":14,"covered":13,"skipped":0,"pct":92.85}}
,"/Users/99/Developer/RAVN/wt/kit/src/types/color-variants.ts": {"lines":{"total":10,"covered":10,"skipped":0,"pct":100},"functions":{"total":0,"covered":0,"skipped":0,"pct":100},"statements":{"total":10,"covered":10,"skipped":0,"pct":100},"branches":{"total":0,"covered":0,"skipped":0,"pct":100}}
,"/Users/99/Developer/RAVN/wt/kit/src/utils/cn.ts": {"lines":{"total":5,"covered":5,"skipped":0,"pct":100},"functions":{"total":1,"covered":1,"skipped":0,"pct":100},"statements":{"total":5,"covered":5,"skipped":0,"pct":100},"branches":{"total":1,"covered":1,"skipped":0,"pct":100}}
,"/Users/99/Developer/RAVN/wt/kit/src/utils/format-points.ts": {"lines":{"total":4,"covered":4,"skipped":0,"pct":100},"functions":{"total":2,"covered":2,"skipped":0,"pct":100},"statements":{"total":4,"covered":4,"skipped":0,"pct":100},"branches":{"total":6,"covered":6,"skipped":0,"pct":100}}
}
